  strukture2.cpp
c:\users\uc-m07\documents\ivan jeremic\bootcamp-it----ivanj\strukture2\strukture2\strukture2.cpp(11): error C3646: 'ime': unknown override specifier
c:\users\uc-m07\documents\ivan jeremic\bootcamp-it----ivanj\strukture2\strukture2\strukture2.cpp(11): error C4430: missing type specifier - int assumed. Note: C++ does not support default-int
c:\users\uc-m07\documents\ivan jeremic\bootcamp-it----ivanj\strukture2\strukture2\strukture2.cpp(12): error C3646: 'prezime': unknown override specifier
c:\users\uc-m07\documents\ivan jeremic\bootcamp-it----ivanj\strukture2\strukture2\strukture2.cpp(12): error C4430: missing type specifier - int assumed. Note: C++ does not support default-int
c:\users\uc-m07\documents\ivan jeremic\bootcamp-it----ivanj\strukture2\strukture2\strukture2.cpp(22): error C2065: 'cout': undeclared identifier
c:\users\uc-m07\documents\ivan jeremic\bootcamp-it----ivanj\strukture2\strukture2\strukture2.cpp(22): error C2065: 'endl': undeclared identifier
c:\users\uc-m07\documents\ivan jeremic\bootcamp-it----ivanj\strukture2\strukture2\strukture2.cpp(23): error C2065: 'cin': undeclared identifier
c:\users\uc-m07\documents\ivan jeremic\bootcamp-it----ivanj\strukture2\strukture2\strukture2.cpp(24): error C2065: 'cout': undeclared identifier
c:\users\uc-m07\documents\ivan jeremic\bootcamp-it----ivanj\strukture2\strukture2\strukture2.cpp(24): error C2065: 'endl': undeclared identifier
c:\users\uc-m07\documents\ivan jeremic\bootcamp-it----ivanj\strukture2\strukture2\strukture2.cpp(25): error C2065: 'cin': undeclared identifier
c:\users\uc-m07\documents\ivan jeremic\bootcamp-it----ivanj\strukture2\strukture2\strukture2.cpp(25): error C2039: 'ime': is not a member of 'Student'
  c:\users\uc-m07\documents\ivan jeremic\bootcamp-it----ivanj\strukture2\strukture2\strukture2.cpp(9): note: see declaration of 'Student'
c:\users\uc-m07\documents\ivan jeremic\bootcamp-it----ivanj\strukture2\strukture2\strukture2.cpp(26): error C2065: 'cout': undeclared identifier
c:\users\uc-m07\documents\ivan jeremic\bootcamp-it----ivanj\strukture2\strukture2\strukture2.cpp(26): error C2065: 'endl': undeclared identifier
c:\users\uc-m07\documents\ivan jeremic\bootcamp-it----ivanj\strukture2\strukture2\strukture2.cpp(27): error C2065: 'cin': undeclared identifier
c:\users\uc-m07\documents\ivan jeremic\bootcamp-it----ivanj\strukture2\strukture2\strukture2.cpp(27): error C2039: 'prezime': is not a member of 'Student'
  c:\users\uc-m07\documents\ivan jeremic\bootcamp-it----ivanj\strukture2\strukture2\strukture2.cpp(9): note: see declaration of 'Student'
c:\users\uc-m07\documents\ivan jeremic\bootcamp-it----ivanj\strukture2\strukture2\strukture2.cpp(28): error C2065: 'cout': undeclared identifier
c:\users\uc-m07\documents\ivan jeremic\bootcamp-it----ivanj\strukture2\strukture2\strukture2.cpp(28): error C2065: 'endl': undeclared identifier
c:\users\uc-m07\documents\ivan jeremic\bootcamp-it----ivanj\strukture2\strukture2\strukture2.cpp(29): error C2065: 'cin': undeclared identifier
c:\users\uc-m07\documents\ivan jeremic\bootcamp-it----ivanj\strukture2\strukture2\strukture2.cpp(30): error C2065: 'cout': undeclared identifier
c:\users\uc-m07\documents\ivan jeremic\bootcamp-it----ivanj\strukture2\strukture2\strukture2.cpp(30): error C2065: 'endl': undeclared identifier
c:\users\uc-m07\documents\ivan jeremic\bootcamp-it----ivanj\strukture2\strukture2\strukture2.cpp(31): error C2065: 'cin': undeclared identifier
c:\users\uc-m07\documents\ivan jeremic\bootcamp-it----ivanj\strukture2\strukture2\strukture2.cpp(32): error C2065: 'cout': undeclared identifier
c:\users\uc-m07\documents\ivan jeremic\bootcamp-it----ivanj\strukture2\strukture2\strukture2.cpp(32): error C2065: 'endl': undeclared identifier
c:\users\uc-m07\documents\ivan jeremic\bootcamp-it----ivanj\strukture2\strukture2\strukture2.cpp(33): error C2065: 'cin': undeclared identifier
c:\users\uc-m07\documents\ivan jeremic\bootcamp-it----ivanj\strukture2\strukture2\strukture2.cpp(34): error C2065: 'cout': undeclared identifier
c:\users\uc-m07\documents\ivan jeremic\bootcamp-it----ivanj\strukture2\strukture2\strukture2.cpp(34): error C2065: 'endl': undeclared identifier
c:\users\uc-m07\documents\ivan jeremic\bootcamp-it----ivanj\strukture2\strukture2\strukture2.cpp(35): error C2065: 'cin': undeclared identifier
c:\users\uc-m07\documents\ivan jeremic\bootcamp-it----ivanj\strukture2\strukture2\strukture2.cpp(36): error C2065: 'cout': undeclared identifier
c:\users\uc-m07\documents\ivan jeremic\bootcamp-it----ivanj\strukture2\strukture2\strukture2.cpp(36): error C2065: 'endl': undeclared identifier
c:\users\uc-m07\documents\ivan jeremic\bootcamp-it----ivanj\strukture2\strukture2\strukture2.cpp(37): error C2065: 'cin': undeclared identifier
